0 info it worked if it ends with ok
1 verbose cli [ '/usr/local/Cellar/node/6.2.2/bin/node',
1 verbose cli   '/usr/local/bin/npm',
1 verbose cli   'publish' ]
2 info using npm@3.10.5
3 info using node@v6.2.2
4 verbose publish [ '.' ]
5 silly cache add args [ '.', null ]
6 verbose cache add spec .
7 silly cache add parsed spec Result {
7 silly cache add   raw: '.',
7 silly cache add   scope: null,
7 silly cache add   escapedName: null,
7 silly cache add   name: null,
7 silly cache add   rawSpec: '.',
7 silly cache add   spec: '/Users/zhuhongwei/developer/react-native-xsy-svg',
7 silly cache add   type: 'directory' }
8 verbose addLocalDirectory /Users/zhuhongwei/.npm/react-native-xsy-svg/0.1.0/package.tgz not in flight; packing
9 verbose correctMkdir /Users/zhuhongwei/.npm correctMkdir not in flight; initializing
10 info lifecycle react-native-xsy-svg@0.1.0~prepublish: react-native-xsy-svg@0.1.0
11 silly lifecycle react-native-xsy-svg@0.1.0~prepublish: no script for prepublish, continuing
12 verbose tar pack [ '/Users/zhuhongwei/.npm/react-native-xsy-svg/0.1.0/package.tgz',
12 verbose tar pack   '/Users/zhuhongwei/developer/react-native-xsy-svg' ]
13 verbose tarball /Users/zhuhongwei/.npm/react-native-xsy-svg/0.1.0/package.tgz
14 verbose folder /Users/zhuhongwei/developer/react-native-xsy-svg
15 verbose addLocalTarball adding from inside cache /Users/zhuhongwei/.npm/react-native-xsy-svg/0.1.0/package.tgz
16 verbose correctMkdir /Users/zhuhongwei/.npm correctMkdir not in flight; initializing
17 silly cache afterAdd react-native-xsy-svg@0.1.0
18 verbose afterAdd /Users/zhuhongwei/.npm/react-native-xsy-svg/0.1.0/package/package.json not in flight; writing
19 verbose correctMkdir /Users/zhuhongwei/.npm correctMkdir not in flight; initializing
20 verbose afterAdd /Users/zhuhongwei/.npm/react-native-xsy-svg/0.1.0/package/package.json written
21 silly publish { _args:
21 silly publish    [ [ [Object],
21 silly publish        '/Users/zhuhongwei/work/xiaoshouyi/project/platform/ingageplatform' ] ],
21 silly publish   _from: '.',
21 silly publish   _id: 'react-native-xsy-svg@0.1.0',
21 silly publish   _inCache: true,
21 silly publish   _installable: true,
21 silly publish   _location: '/react-native-svg',
21 silly publish   _nodeVersion: '5.9.1',
21 silly publish   _npmOperationalInternal:
21 silly publish    { host: 'packages-16-east.internal.npmjs.com',
21 silly publish      tmp: 'tmp/react-native-svg-2.2.0.tgz_1465699254997_0.9396662004292011' },
21 silly publish   _npmUser: { email: 'master@horcrux.cn', name: 'magicismight' },
21 silly publish   _npmVersion: '3.7.3',
21 silly publish   _phantomChildren: {},
21 silly publish   _requested:
21 silly publish    { name: 'react-native-svg',
21 silly publish      raw: 'react-native-svg@^2.1.0',
21 silly publish      rawSpec: '^2.1.0',
21 silly publish      scope: null,
21 silly publish      spec: '>=2.1.0 <3.0.0',
21 silly publish      type: 'range' },
21 silly publish   _requiredBy: [ '/' ],
21 silly publish   _resolved: 'https://registry.npmjs.org/react-native-svg/-/react-native-svg-2.2.0.tgz',
21 silly publish   _shasum: 'e015e2b1b93e43dd8aaf61cac22e9870bca45da0',
21 silly publish   _shrinkwrap: null,
21 silly publish   _spec: 'react-native-svg@^2.1.0',
21 silly publish   _where: '/Users/zhuhongwei/work/xiaoshouyi/project/platform/ingageplatform',
21 silly publish   bugs: { url: 'https://github.com/magicismight/react-native-svg/issues' },
21 silly publish   dependencies: { color: '^0.11.1', lodash: '^4.0.0' },
21 silly publish   description: 'react native svg library',
21 silly publish   devDependencies:
21 silly publish    { 'babel-eslint': '^6.0.0',
21 silly publish      eslint: '^2.5.3',
21 silly publish      'eslint-plugin-react': '^4.2.1' },
21 silly publish   directories: {},
21 silly publish   dist:
21 silly publish    { shasum: '679700982351147df592bc6ef3484e5bd1c14097',
21 silly publish      tarball: 'https://registry.npmjs.org/react-native-svg/-/react-native-svg-2.2.0.tgz' },
21 silly publish   gitHead: '128a82d92b54f96ecbb19df1f24e0b0d87bbcd61',
21 silly publish   homepage: 'https://github.com/magicismight/react-native-svg#readme',
21 silly publish   keywords:
21 silly publish    [ 'react-component',
21 silly publish      'react-native',
21 silly publish      'ios',
21 silly publish      'android',
21 silly publish      'SVG',
21 silly publish      'ART',
21 silly publish      'VML' ],
21 silly publish   license: 'MIT',
21 silly publish   main: './index.js',
21 silly publish   maintainers:
21 silly publish    [ { name: 'brentvatne', email: 'brentvatne@gmail.com' },
21 silly publish      { name: 'magicismight', email: 'master@horcrux.cn' } ],
21 silly publish   name: 'react-native-xsy-svg',
21 silly publish   nativePackage: true,
21 silly publish   optionalDependencies: {},
21 silly publish   peerDependencies: { 'react-native': '>=0.25.1' },
21 silly publish   readme: 'ERROR: No README data found!',
21 silly publish   repository:
21 silly publish    { type: 'git',
21 silly publish      url: 'git+https://github.com/YuXueBJ/react-native-xsy-svg.git' },
21 silly publish   rnpm: { ios: { project: 'ios/RNSVG.xcodeproj' } },
21 silly publish   scripts: { lint: 'eslint ./' },
21 silly publish   version: '0.1.0' }
22 verbose getPublishConfig undefined
23 silly mapToRegistry name react-native-xsy-svg
24 silly mapToRegistry using default registry
25 silly mapToRegistry registry https://registry.npm.taobao.org/
26 silly mapToRegistry data Result {
26 silly mapToRegistry   raw: 'react-native-xsy-svg',
26 silly mapToRegistry   scope: null,
26 silly mapToRegistry   escapedName: 'react-native-xsy-svg',
26 silly mapToRegistry   name: 'react-native-xsy-svg',
26 silly mapToRegistry   rawSpec: '',
26 silly mapToRegistry   spec: 'latest',
26 silly mapToRegistry   type: 'tag' }
27 silly mapToRegistry uri https://registry.npm.taobao.org/react-native-xsy-svg
28 verbose publish registryBase https://registry.npm.taobao.org/
29 silly publish uploading /Users/zhuhongwei/.npm/react-native-xsy-svg/0.1.0/package.tgz
30 verbose request uri https://registry.npm.taobao.org/react-native-xsy-svg
31 verbose request sending authorization for write operation
32 info attempt registry request try #1 at 18:16:49
33 verbose request id 9b009be9b0da5de3
34 http request PUT https://registry.npm.taobao.org/react-native-xsy-svg
35 http 413 https://registry.npm.taobao.org/react-native-xsy-svg
36 verbose bad json <html>
36 verbose bad json <head><title>413 Request Entity Too Large</title></head>
36 verbose bad json <body bgcolor="white">
36 verbose bad json <center><h1>413 Request Entity Too Large</h1></center>
36 verbose bad json <hr><center>nginx/1.4.6 (Ubuntu)</center>
36 verbose bad json </body>
36 verbose bad json </html>
37 error registry error parsing json
38 verbose headers { date: 'Fri, 05 Aug 2016 10:16:42 GMT',
38 verbose headers   'content-type': 'text/html',
38 verbose headers   'content-length': '207',
38 verbose headers   connection: 'keep-alive' }
39 verbose request invalidating /Users/zhuhongwei/.npm/registry.npm.taobao.org/react-native-xsy-svg on PUT
40 error publish Failed PUT 413
41 verbose stack SyntaxError: Unexpected token < in JSON at position 0
41 verbose stack <html>
41 verbose stack <head><title>413 Request Entity Too Large</title></head>
41 verbose stack <body bgcolor="white">
41 verbose stack <center><h1>413 Request Entity Too Large</h1></center>
41 verbose stack <hr><center>nginx/1.4.6 (Ubuntu)</center>
41 verbose stack </body>
41 verbose stack </html>
41 verbose stack
41 verbose stack     at Object.parse (native)
41 verbose stack     at CachingRegistryClient.<anonymous> (/usr/local/lib/node_modules/npm/node_modules/npm-registry-client/lib/request.js:199:23)
41 verbose stack     at Request._callback (/usr/local/lib/node_modules/npm/node_modules/npm-registry-client/lib/request.js:172:14)
41 verbose stack     at Request.self.callback (/usr/local/lib/node_modules/npm/node_modules/request/request.js:200:22)
41 verbose stack     at emitTwo (events.js:106:13)
41 verbose stack     at Request.emit (events.js:191:7)
41 verbose stack     at Request.<anonymous> (/usr/local/lib/node_modules/npm/node_modules/request/request.js:1067:10)
41 verbose stack     at emitOne (events.js:101:20)
41 verbose stack     at Request.emit (events.js:188:7)
41 verbose stack     at IncomingMessage.<anonymous> (/usr/local/lib/node_modules/npm/node_modules/request/request.js:988:12)
42 verbose cwd /Users/zhuhongwei/developer/react-native-xsy-svg
43 error Darwin 15.6.0
44 error argv "/usr/local/Cellar/node/6.2.2/bin/node" "/usr/local/bin/npm" "publish"
45 error node v6.2.2
46 error npm  v3.10.5
47 error Unexpected token < in JSON at position 0
47 error <html>
47 error <head><title>413 Request Entity Too Large</title></head>
47 error <body bgcolor="white">
47 error <center><h1>413 Request Entity Too Large</h1></center>
47 error <hr><center>nginx/1.4.6 (Ubuntu)</center>
47 error </body>
47 error </html>
48 error If you need help, you may report this error at:
48 error     <https://github.com/npm/npm/issues>
49 verbose exit [ 1, true ]
